{"timestamp":"2025-07-01T13:34:26.445Z","tipo":"info","mensagem":"🤖 Bot conectado e online!"}
{"timestamp":"2025-07-01T18:36:13.369Z","tipo":"info","mensagem":"🤖 Bot conectado e online!"}
{"timestamp":"2025-07-01T18:36:16.900Z","tipo":"mensagem_ignorada","mensagem":"Mensagem ignorada (não é erro válido)","texto":"Responsável pelo erro: expedição\nConta: Shopee - João pedro \nSKU: 170 gianduia\nMotivo do erro: comprou duas escrivaninhas e recebeu só uma\nCusto: 80,10 (reembolso)","numero":"5517996057085@c.us"}
{"timestamp":"2025-07-01T18:36:18.254Z","tipo":"mensagem_ignorada","mensagem":"Mensagem ignorada (não é erro válido)","texto":"Responsável pelo erro: expedição\nConta: Shopee - João pedro \nSKU: 170 preto\nMotivo do erro: ficou uma venda sem enviar \nCusto: 0","numero":"5517996057085@c.us"}
{"timestamp":"2025-07-01T18:36:19.948Z","tipo":"mensagem_ignorada","mensagem":"Mensagem ignorada (não é erro válido)","texto":"355710001","numero":"5517991107945@c.us"}
{"timestamp":"2025-07-01T18:36:21.830Z","tipo":"erro_registrado","mensagem":"Erro registrado","erro":{"template":"completo","responsavel":"Fornecedor","conta":"INAUGURALAR - ML","id_venda":"2000008299299685","sku":"SKU 310-FREIJO-PRETO-UN","motivo":"Enviado sem a proteção de chão","custos":"17,53(envio)","custo_total":"17,53"},"numero":"5517991931843@c.us"}
{"timestamp":"2025-07-01T18:37:43.052Z","tipo":"info","mensagem":"🤖 Bot conectado e online!"}
{"timestamp":"2025-07-03T11:22:29.329Z","tipo":"info","mensagem":"🤖 Bot conectado e online!"}
{"timestamp":"2025-07-03T11:24:29.526Z","tipo":"comando","mensagem":"Comando /ajuda executado","numero":"5517992785352@c.us"}
{"timestamp":"2025-07-03T11:24:37.560Z","tipo":"comando","mensagem":"Comando /status executado","numero":"5517992785352@c.us"}
{"timestamp":"2025-07-03T11:25:06.446Z","tipo":"comando","mensagem":"Comando /ajuda executado","numero":"5517992785352@c.us"}
{"timestamp":"2025-07-03T11:32:41.845Z","tipo":"mensagem_ignorada","mensagem":"Mensagem ignorada (não é erro válido)","texto":"Teste","numero":"5517991931843@c.us"}
{"timestamp":"2025-07-03T11:32:59.600Z","tipo":"erro_registrado","mensagem":"Erro registrado","erro":{"template":"completo","responsavel":"Montagem","conta":"INAUGURALAR - ML","id_venda":"2000012071472654","sku":"SKU 120-PRETO-UN","motivo":"Comprou preto e recebeu branco","custos":"23,10 (envio)+ 26,84 (tampos preto)+ 26,84(tampos branco)","custo_total":"76,78"},"numero":"5517991931843@c.us"}
{"timestamp":"2025-07-03T11:33:01.393Z","tipo":"erro_registrado","mensagem":"Erro registrado","erro":{"template":"completo","responsavel":"Montagem","conta":"INAUGURALAR - ML","id_venda":"2000012071472654","sku":"SKU 120-PRETO-UN","motivo":"Comprou preto e recebeu branco","custos":"23,10 (envio)+ 26,84 (tampos preto)+ 26,84(tampos branco)","custo_total":"76,78"},"numero":"5517991931843@c.us"}
{"timestamp":"2025-07-03T11:33:03.517Z","tipo":"erro_registrado","mensagem":"Erro registrado","erro":{"template":"completo","responsavel":"Montagem","conta":"INAUGURALAR - ML","id_venda":"2000012071472654","sku":"SKU 120-PRETO-UN","motivo":"Comprou preto e recebeu branco","custos":"23,10 (envio)+ 26,84 (tampos preto)+ 26,84(tampos branco)","custo_total":"76,78"},"numero":"5517991931843@c.us"}
{"timestamp":"2025-07-03T11:33:05.496Z","tipo":"erro_registrado","mensagem":"Erro registrado","erro":{"template":"completo","responsavel":"Montagem","conta":"INAUGURALAR - ML","id_venda":"2000012071472654","sku":"SKU 120-PRETO-UN","motivo":"Comprou preto e recebeu branco","custos":"23,10 (envio)+ 26,84 (tampos preto)+ 26,84(tampos branco)","custo_total":"76,78"},"numero":"5517991931843@c.us"}
{"timestamp":"2025-07-03T11:33:07.382Z","tipo":"erro_registrado","mensagem":"Erro registrado","erro":{"template":"completo","responsavel":"Montagem","conta":"INAUGURALAR - ML","id_venda":"2000012071472654","sku":"SKU 120-PRETO-UN","motivo":"Comprou preto e recebeu branco","custos":"23,10 (envio)+ 26,84 (tampos preto)+ 26,84(tampos branco)","custo_total":"76,78"},"numero":"5517991931843@c.us"}
{"timestamp":"2025-07-03T11:33:20.740Z","tipo":"erro_registrado","mensagem":"Erro registrado","erro":{"template":"completo","responsavel":"Fornecedor","conta":"INAUGURALAR - ML","id_venda":"2000008298849979","sku":"SSKU 170-GIANDUIA-UN","motivo":"Mesa com um lado do suporte desnivelado","custos":"43,31(reembolso parcial)","custo_total":"43,31"},"numero":"5517991931843@c.us"}
{"timestamp":"2025-07-03T11:33:32.008Z","tipo":"erro_registrado","mensagem":"Erro registrado","erro":{"template":"completo","responsavel":"Transporte","conta":"PMV - ML","id_venda":"2000008300973505","sku":"SKU 540-OFFWHITE-FREIJO-UN","motivo":"Tampo chegou com um risco no centro","custos":"13,10 (reembolso parcial)","custo_total":"13,10"},"numero":"5517991931843@c.us"}
{"timestamp":"2025-07-03T11:34:13.886Z","tipo":"info","mensagem":"🤖 Bot conectado e online!"}
{"timestamp":"2025-07-03T11:34:31.719Z","tipo":"mensagem_ignorada","mensagem":"Mensagem ignorada (não é erro válido)","texto":"7898741071648","numero":"5517991107945@c.us"}
{"timestamp":"2025-07-03T11:34:40.475Z","tipo":"mensagem_ignorada","mensagem":"Mensagem ignorada (não é erro válido)","texto":"7898741072010","numero":"5517991107945@c.us"}
{"timestamp":"2025-07-03T11:39:51.001Z","tipo":"info","mensagem":"🤖 Bot conectado e online!"}
{"timestamp":"2025-07-03T11:40:52.490Z","tipo":"comando","mensagem":"Comando /ajuda executado","numero":"5517992785352@c.us"}
{"timestamp":"2025-07-03T11:41:10.740Z","tipo":"comando","mensagem":"Relatório diário enviado via comando.","numero":"5517992785352@c.us"}
{"timestamp":"2025-07-03T11:56:01.621Z","tipo":"erro_registrado","mensagem":"Erro registrado","erro":{"template":"custo_simples","responsavel":"Fornecedor","conta":"Marfer - ML","id_venda":"2000012090040540","sku":"170-PRETO","motivo":"Suporte foi faltando o pézinho de borracha","custos":"10,80 (envio)"},"numero":"5517991028037@c.us"}
{"timestamp":"2025-07-03T11:57:48.821Z","tipo":"comando","mensagem":"Comando /ajuda executado","numero":"5517992785352@c.us"}
{"timestamp":"2025-07-03T11:57:54.397Z","tipo":"comando","mensagem":"Comando /status executado","numero":"5517992785352@c.us"}
{"timestamp":"2025-07-03T12:01:30.234Z","tipo":"info","mensagem":"🤖 Bot conectado e online!"}
{"timestamp":"2025-07-03T12:03:14.353Z","tipo":"info","mensagem":"🤖 Bot conectado e online!"}
{"timestamp":"2025-07-03T12:03:15.786Z","tipo":"erro","mensagem":"Falha ao notificar admin sobre reinício","admin":"+551","erro":"Evaluation failed: Error: wid error: invalid wid\n    at new Error (<anonymous>:6:31)\n    at i (https://static.whatsapp.net/rsrc.php/v4/yf/r/1llVN9bYZPM.js:76:180)\n    at new a (https://static.whatsapp.net/rsrc.php/v4/yk/r/sL5ouoq5TVC.js:346:1663)\n    at Object.o [as createWid] (https://static.whatsapp.net/rsrc.php/v4/yk/r/sL5ouoq5TVC.js:348:847)\n    at window.WWebJS.getChat (pptr://__puppeteer_evaluation_script__:509:49)\n    at pptr://__puppeteer_evaluation_script__:2:46"}
{"timestamp":"2025-07-03T12:03:41.357Z","tipo":"comando","mensagem":"Comando /status executado","numero":"5517992785352@c.us"}
{"timestamp":"2025-07-03T12:18:44.253Z","tipo":"info","mensagem":"🤖 Bot conectado e online!"}
{"timestamp":"2025-07-03T12:18:44.848Z","tipo":"erro","mensagem":"Falha ao notificar admin sobre reinício","admin":"+551","erro":"Evaluation failed: Error: wid error: invalid wid\n    at new Error (<anonymous>:6:31)\n    at i (https://static.whatsapp.net/rsrc.php/v4/yf/r/1llVN9bYZPM.js:76:180)\n    at new a (https://static.whatsapp.net/rsrc.php/v4/yj/r/68hTCFFAw1C.js:346:1663)\n    at Object.o [as createWid] (https://static.whatsapp.net/rsrc.php/v4/yj/r/68hTCFFAw1C.js:348:847)\n    at window.WWebJS.getChat (pptr://__puppeteer_evaluation_script__:509:49)\n    at pptr://__puppeteer_evaluation_script__:2:46"}
{"timestamp":"2025-07-03T12:18:53.448Z","tipo":"erro_registrado","mensagem":"Erro registrado","erro":{"template":"completo","responsavel":"Fornecedor","conta":"CLOC - ML","id_venda":"2000008253925881","sku":"SKU 170-GIANDUIA-UN","motivo":"Mesa com um lado do suporte desnivelado","custos":"78,93 (reembolso parcial)","custo_total":"78,93"},"numero":"5517991931843@c.us"}
{"timestamp":"2025-07-03T12:24:49.096Z","tipo":"erro_registrado","mensagem":"Erro registrado","erro":{"template":"custo_simples","responsavel":"Montagem","conta":"Natália Chiconi - ML","id_venda":"N/A","sku":"350-PRETO","motivo":"Foi faltando o ferrinho para travar a mesa","custos":"12,07 (envio)"},"numero":"5517991028037@c.us"}
{"timestamp":"2025-07-03T12:40:27.681Z","tipo":"comando","mensagem":"Comando /ajuda executado","numero":"5517992785352@c.us"}
{"timestamp":"2025-07-03T12:40:42.268Z","tipo":"comando","mensagem":"Relatório diário enviado via comando.","numero":"5517992785352@c.us"}
{"timestamp":"2025-07-03T13:20:18.274Z","tipo":"erro_registrado","mensagem":"Erro registrado","erro":{"template":"completo","responsavel":"Montagem","conta":"PMV - ML","id_venda":"2000011804521508","sku":"SKU 511-OFFWHITE-UN 2","motivo":"Enviado c/ apenas 4 suportes pés","custos":"16,98 (envio)","custo_total":"16,98"},"numero":"5517991931843@c.us"}
{"timestamp":"2025-07-03T13:24:25.153Z","tipo":"info","mensagem":"🤖 Bot conectado e online!"}
{"timestamp":"2025-07-03T13:24:25.645Z","tipo":"erro","mensagem":"Falha ao notificar admin sobre reinício","admin":"+551","erro":"Evaluation failed: Error: wid error: invalid wid\n    at new Error (<anonymous>:6:31)\n    at i (https://static.whatsapp.net/rsrc.php/v4/yy/r/A3dSfZYwOal.js:76:180)\n    at new a (https://static.whatsapp.net/rsrc.php/v4/y9/r/GBw4TqIg3fR.js:346:1663)\n    at Object.o [as createWid] (https://static.whatsapp.net/rsrc.php/v4/y9/r/GBw4TqIg3fR.js:348:847)\n    at window.WWebJS.getChat (pptr://__puppeteer_evaluation_script__:509:49)\n    at pptr://__puppeteer_evaluation_script__:2:46"}
{"timestamp":"2025-07-03T13:24:49.948Z","tipo":"comando","mensagem":"Comando /ajuda executado","numero":"5517992785352@c.us"}
{"timestamp":"2025-07-03T14:01:02.578Z","tipo":"info","mensagem":"🤖 Bot conectado e online!"}
{"timestamp":"2025-07-03T14:01:39.523Z","tipo":"comando","mensagem":"Comando /ajuda executado","numero":"5517992785352@c.us"}
{"timestamp":"2025-07-03T14:04:54.742Z","tipo":"info","mensagem":"🤖 Bot conectado e online!"}
{"timestamp":"2025-07-03T14:06:11.455Z","tipo":"comando","mensagem":"Comando /ajuda executado","numero":"5517992785352@c.us"}
{"timestamp":"2025-07-03T14:08:15.987Z","tipo":"info","mensagem":"🤖 Bot conectado e online!"}
{"timestamp":"2025-07-03T14:09:32.648Z","tipo":"comando","mensagem":"Comando /ajuda executado","numero":"5517992785352@c.us"}
{"timestamp":"2025-07-03T14:12:42.314Z","tipo":"comando","mensagem":"Comando /ajuda executado","numero":"5517991027906@c.us"}
{"timestamp":"2025-07-03T14:21:47.784Z","tipo":"info","mensagem":"🤖 Bot conectado e online!"}
{"timestamp":"2025-07-03T14:28:04.497Z","tipo":"info","mensagem":"🤖 Bot conectado e online!"}
{"timestamp":"2025-07-03T14:28:15.710Z","tipo":"comando","mensagem":"Comando /ajuda executado","numero":"5517992785352@c.us"}
{"timestamp":"2025-07-03T14:29:13.385Z","tipo":"comando","mensagem":"Comando /status executado","numero":"5517992785352@c.us"}
{"timestamp":"2025-07-03T14:29:38.869Z","tipo":"comando","mensagem":"Relatório diário enviado via comando.","numero":"5517992785352@c.us"}
{"timestamp":"2025-07-03T14:36:43.932Z","tipo":"info","mensagem":"🤖 Bot conectado e online!"}
{"timestamp":"2025-07-03T14:36:51.892Z","tipo":"comando","mensagem":"Comando /status executado","numero":"5517992785352@c.us"}
{"timestamp":"2025-07-03T14:36:55.608Z","tipo":"comando","mensagem":"Comando /ajuda executado","numero":"5517992785352@c.us"}
{"timestamp":"2025-07-03T14:37:57.760Z","tipo":"comando","mensagem":"Relatório diário enviado via comando.","numero":"5517992785352@c.us"}
{"timestamp":"2025-07-03T14:39:58.728Z","tipo":"info","mensagem":"🤖 Bot conectado e online!"}
{"timestamp":"2025-07-03T14:41:56.347Z","tipo":"comando","mensagem":"Relatório diário enviado via comando.","numero":"5517992785352@c.us"}
{"timestamp":"2025-07-03T14:46:47.625Z","tipo":"info","mensagem":"🤖 Bot conectado e online!"}
{"timestamp":"2025-07-03T14:47:56.422Z","tipo":"comando","mensagem":"Comando /ajuda executado","numero":"5517991027906@c.us"}
{"timestamp":"2025-07-03T14:48:36.617Z","tipo":"comando","mensagem":"Relatório diário enviado via comando.","numero":"5517991027906@c.us"}
{"timestamp":"2025-07-03T14:49:18.397Z","tipo":"comando","mensagem":"Relatório diário enviado via comando.","numero":"5517992785352@c.us"}
{"timestamp":"2025-07-03T14:57:02.388Z","tipo":"comando","mensagem":"Relatório diário enviado via comando.","numero":"5517991027906@c.us"}
{"timestamp":"2025-07-03T14:58:39.876Z","tipo":"info","mensagem":"🤖 Bot conectado e online!"}
{"timestamp":"2025-07-03T14:58:57.767Z","tipo":"comando","mensagem":"Relatório diário enviado via comando.","numero":"5517991027906@c.us"}
{"timestamp":"2025-07-03T15:28:15.376Z","tipo":"info","mensagem":"🤖 Bot conectado e online!"}
{"timestamp":"2025-07-03T15:28:36.843Z","tipo":"comando","mensagem":"Relatório diário enviado via comando.","numero":"5517991027906@c.us"}
{"timestamp":"2025-07-03T15:29:10.619Z","tipo":"comando","mensagem":"Comando /ajuda executado","numero":"5517992785352@c.us"}
{"timestamp":"2025-07-03T15:29:20.381Z","tipo":"comando","mensagem":"Relatório diário enviado via comando.","numero":"5517992785352@c.us"}
{"timestamp":"2025-07-03T15:31:26.358Z","tipo":"mensagem_ignorada","mensagem":"Mensagem ignorada (não é erro válido)","texto":"*Responsável pelo erro:* Organização/recebimento\n*Motivo do erro:* Não conferiram corretamente o pedido de isopor e acabaram recebendo mercadoria de outra empresa","numero":"5517992384616@c.us"}
{"timestamp":"2025-07-03T15:31:51.915Z","tipo":"mensagem_ignorada","mensagem":"Mensagem ignorada (não é erro válido)","texto":"*Responsável pelo erro:* Organização/recebimento\n*Motivo do erro:* Perderam 600 isopores 33 do SKU 610","numero":"5517992384616@c.us"}
{"timestamp":"2025-07-03T15:35:05.997Z","tipo":"info","mensagem":"🤖 Bot conectado e online!"}
{"timestamp":"2025-07-04T11:08:26.123Z","tipo":"info","mensagem":"🤖 Bot conectado e online!"}
{"timestamp":"2025-07-04T15:48:41.831Z","tipo":"info","mensagem":"🤖 Bot conectado e online!"}
{"timestamp":"2025-07-04T18:08:10.704Z","tipo":"mensagem_ignorada","mensagem":"Mensagem ignorada (não é erro válido)","texto":"Responsável pelo erro: fornecedor\nConta:  ML - ehouse \nIdentificação da venda: 2000011643319352\nSKU: 170 - preto\nMotivo do erro: reclamou por ser muito bamba\nCusto: 235,75 (devolução)","numero":"5517996057085@c.us"}
{"timestamp":"2025-07-04T18:12:35.472Z","tipo":"mensagem_ignorada","mensagem":"Mensagem ignorada (não é erro válido)","texto":"Responsável pelo erro: montagem\nConta:  ML - dynamo \nIdentificação da venda: 2000011789371780\nSKU: 410 - freijo\nMotivo do erro: comprou freijo e recebeu preta\nCusto: 0","numero":"5517996057085@c.us"}
{"timestamp":"2025-07-04T18:25:40.198Z","tipo":"mensagem_ignorada","mensagem":"Mensagem ignorada (não é erro válido)","texto":"Responsável pelo erro: montagem\nConta:  ML - phenzzi \nIdentificação da venda: 2000008129794517\nSKU: 129 - freijo\nMotivo do erro: enviaram um tampo em outro tom\nCusto: 129,80 (devolução)","numero":"5517996057085@c.us"}
{"timestamp":"2025-07-04T19:21:59.860Z","tipo":"info","mensagem":"🤖 Bot conectado e online!"}
{"timestamp":"2025-07-04T19:22:18.029Z","tipo":"comando","mensagem":"Comando /status executado","numero":"5517992785352@c.us"}
{"timestamp":"2025-07-04T19:22:24.735Z","tipo":"comando","mensagem":"Comando /ajuda executado","numero":"5517992785352@c.us"}
{"timestamp":"2025-07-04T19:22:52.017Z","tipo":"comando","mensagem":"Relatório do dia 03/07/2025 enviado","numero":"5517992785352@c.us"}
{"timestamp":"2025-07-04T19:23:57.149Z","tipo":"comando","mensagem":"Comando /status executado","numero":"5517991027906@c.us"}
{"timestamp":"2025-07-04T19:24:00.711Z","tipo":"comando","mensagem":"Comando /ajuda executado","numero":"5517991027906@c.us"}
{"timestamp":"2025-07-04T19:25:38.023Z","tipo":"comando","mensagem":"Comando /ajuda executado","numero":"5517991027906@c.us"}
{"timestamp":"2025-07-04T19:25:55.734Z","tipo":"comando","mensagem":"Relatório diário enviado via comando.","numero":"5517991027906@c.us"}
{"timestamp":"2025-07-04T19:26:42.299Z","tipo":"info","mensagem":"🤖 Bot conectado e online!"}
{"timestamp":"2025-07-04T19:40:40.867Z","tipo":"info","mensagem":"🤖 Bot conectado e online!"}
{"timestamp":"2025-07-04T19:40:53.516Z","tipo":"comando","mensagem":"Comando /ajuda executado","numero":"5517992785352@c.us"}
{"timestamp":"2025-07-07T09:29:33.255Z","tipo":"info","mensagem":"🤖 Bot conectado e online!"}
{"timestamp":"2025-07-07T11:01:12.646Z","tipo":"erro_registrado","mensagem":"Erro registrado","erro":{"template":"completo","responsavel":"João Vitor","conta":"ML - Inaugura Lar","id_venda":"2000012201211630","sku":"540-OFFWHITE-FREIJO","motivo":"Erro de precificação","custos":"R$ 0,91 (prejuizo)","custo_total":"0.91","marketplace":"ML"},"numero":"5517991028037@c.us"}
{"timestamp":"2025-07-07T12:55:51.454Z","tipo":"erro_registrado","mensagem":"Erro registrado","erro":{"template":"completo","responsavel":"Coladeira, Recebimento e Montagem","conta":"ML - Inaugura Lar","id_venda":"2000012149488860","sku":"SKU 180-PRETO-UN","motivo":"Não limparam os resíduos de cola","custos":"R$ 0,00","custo_total":"0.00","marketplace":"ML"},"numero":"5517991931843@c.us"}
{"timestamp":"2025-07-07T16:58:12.607Z","tipo":"erro_registrado","mensagem":"Erro registrado","erro":{"template":"completo","responsavel":"Transporte","conta":"Cloc- ML","id_venda":"2000008331676051","sku":"SKU 1166- FREIJÓ- OFF WHITE","motivo":"3 trampos chegaram c/ laterais trincadas e esmagadas","custos":"R$146,97 (reembolso)","custo_total":"146.97","marketplace":"ML"},"numero":"5517991931843@c.us"}
